<?xml version="1.0" encoding="UTF-8"?>
<!-- Generated by org.testng.reporters.JUnitReportReporter -->
<testsuite hostname="amzads-MBP.lan" failures="0" tests="1" name="testCases.TestAmazon" time="6.932" errors="0" timestamp="2022-05-21T15:53:28 EDT" skipped="0">
  <testcase classname="testCases.TestAmazon" name="openAmazon" time="6.932"/>
  <system-out/>
</testsuite> <!-- testCases.TestAmazon -->
